<?xml version="1.0" encoding="UTF-8"?>
<!-- Generated by org.testng.reporters.JUnitReportReporter -->
<testsuite hostname="DESKTOP-TI3DU7L" failures="0" tests="2" name="test.logintest" time="4.987" errors="0" timestamp="2022-06-20T12:17:12 IST" skipped="0">
  <testcase classname="test.logintest" name="verifyButton" time="0.388"/>
  <system-out/>
  <testcase classname="test.logintest" name="login" time="4.599"/>
  <system-out/>
</testsuite> <!-- test.logintest -->
